  add.c
  test.c
  正在生成代码...
test.obj : error LNK2019: 无法解析的外部符号 Add，函数 main 中引用了该符号
D:\Github_Code\C_code\05.函数\x64\Debug\05.函数.exe : fatal error LNK1120: 1 个无法解析的外部命令
